TN:
SF:shortest.js
FN:10,(anonymous_0)
FN:30,(anonymous_1)
FNF:2
FNH:2
FNDA:20,(anonymous_0)
FNDA:2,(anonymous_1)
DA:1,1
DA:2,1
DA:3,1
DA:4,1
DA:5,1
DA:6,1
DA:8,1
DA:10,1
DA:12,20
DA:15,20
DA:19,144
DA:22,144
DA:24,28
DA:27,20
DA:30,1
DA:33,2
DA:34,2
DA:35,2
DA:37,2
DA:38,2
DA:39,6
DA:43,2
DA:45,2
DA:48,2
DA:50,18
DA:51,18
DA:54,18
DA:57,56
DA:58,8
DA:61,48
DA:64,48
DA:66,14
DA:68,14
DA:73,18
DA:75,18
DA:80,2
DA:81,2
DA:82,2
DA:83,4
DA:84,4
DA:86,2
DA:89,2
DA:94,2
DA:97,1
DA:98,1
LF:45
LH:45
BRDA:19,0,0,144
BRDA:19,0,1,50
BRDA:22,1,0,28
BRDA:22,1,1,116
BRDA:22,2,0,144
BRDA:22,2,1,118
BRDA:57,3,0,8
BRDA:57,3,1,48
BRDA:64,4,0,14
BRDA:64,4,1,34
BRDA:64,5,0,48
BRDA:64,5,1,36
BRF:12
BRH:12
end_of_record
